# JRE version: OpenJDK Runtime Environment Temurin-21.0.10+7 (21.0.10+7) (build 21.0.10+7-LTS)
# Java VM: OpenJDK 64-Bit Server VM Temurin-21.0.10+7 (21.0.10+7-LTS, mixed mode, sharing, tiered, compressed oops, compressed class ptrs, parallel gc, windows-amd64)
GC Precious Log:
 CardTable entry size: 512
 CPUs: 16 total, 16 available
 Memory: 16169M
 Large Page Support: Disabled
 NUMA Support: Disabled
 Compressed Oops: Enabled (32-bit)
 Alignments: Space 512K, Generation 512K, Heap 2M
 Heap Min Capacity: 100M
 Heap Initial Capacity: 100M
 Heap Max Capacity: 2G
 Pre-touch: Disabled
 Parallel Workers: 13
Heap:
 PSYoungGen      total 4608K, used 1369K [0x00000000d5580000, 0x00000000d5b00000, 0x0000000100000000)
  eden space 3584K, 21% used [0x00000000d5580000,0x00000000d563e7c0,0x00000000d5900000)
  from space 1024K, 59% used [0x00000000d5900000,0x00000000d5998000,0x00000000d5a00000)
  to   space 1024K, 0% used [0x00000000d5a00000,0x00000000d5a00000,0x00000000d5b00000)
 ParOldGen       total 117248K, used 116855K [0x0000000080000000, 0x0000000087280000, 0x00000000d5580000)
  object space 117248K, 99% used [0x0000000080000000,0x000000008721df18,0x0000000087280000)
 Metaspace       used 73538K, committed 75264K, reserved 1179648K
  class space    used 7684K, committed 8448K, reserved 1048576K
GC Heap History (20 events):
Event: 660.298 GC heap before
{Heap before GC invocations=215 (full 3):
 PSYoungGen      total 4096K, used 4000K [0x00000000d5580000, 0x00000000d5a80000, 0x0000000100000000)
  eden space 3584K, 100% used [0x00000000d5580000,0x00000000d5900000,0x00000000d5900000)
  from space 512K, 81% used [0x00000000d5980000,0x00000000d59e8000,0x00000000d5a00000)
  to   space 512K, 0% used [0x00000000d5a00000,0x00000000d5a00000,0x00000000d5a80000)
 ParOldGen       total 113664K, used 113642K [0x0000000080000000, 0x0000000086f00000, 0x00000000d5580000)
  object space 113664K, 99% used [0x0000000080000000,0x0000000086efa878,0x0000000086f00000)
 Metaspace       used 72282K, committed 73920K, reserved 1179648K
  class space    used 7523K, committed 8256K, reserved 1048576K
}
Event: 660.299 GC heap after
{Heap after GC invocations=215 (full 3):
 PSYoungGen      total 4096K, used 416K [0x00000000d5580000, 0x00000000d5a80000, 0x0000000100000000)
  eden space 3584K, 0% used [0x00000000d5580000,0x00000000d5580000,0x00000000d5900000)
  from space 512K, 81% used [0x00000000d5a00000,0x00000000d5a68000,0x00000000d5a80000)
  to   space 512K, 0% used [0x00000000d5980000,0x00000000d5980000,0x00000000d5a00000)
 ParOldGen       total 114176K, used 113786K [0x0000000080000000, 0x0000000086f80000, 0x00000000d5580000)
  object space 114176K, 99% used [0x0000000080000000,0x0000000086f1e8a8,0x0000000086f80000)
 Metaspace       used 72282K, committed 73920K, reserved 1179648K
  class space    used 7523K, committed 8256K, reserved 1048576K
}
Event: 660.323 GC heap before
{Heap before GC invocations=216 (full 3):
 PSYoungGen      total 4096K, used 4000K [0x00000000d5580000, 0x00000000d5a80000, 0x0000000100000000)
  eden space 3584K, 100% used [0x00000000d5580000,0x00000000d5900000,0x00000000d5900000)
  from space 512K, 81% used [0x00000000d5a00000,0x00000000d5a68000,0x00000000d5a80000)
  to   space 512K, 0% used [0x00000000d5980000,0x00000000d5980000,0x00000000d5a00000)
 ParOldGen       total 114176K, used 113786K [0x0000000080000000, 0x0000000086f80000, 0x00000000d5580000)
  object space 114176K, 99% used [0x0000000080000000,0x0000000086f1e8a8,0x0000000086f80000)
 Metaspace       used 72652K, committed 74304K, reserved 1179648K
  class space    used 7593K, committed 8320K, reserved 1048576K
}
Event: 660.324 GC heap after
{Heap after GC invocations=216 (full 3):
 PSYoungGen      total 4096K, used 416K [0x00000000d5580000, 0x00000000d5a80000, 0x0000000100000000)
  eden space 3584K, 0% used [0x00000000d5580000,0x00000000d5580000,0x00000000d5900000)
  from space 512K, 81% used [0x00000000d5980000,0x00000000d59e8000,0x00000000d5a00000)
  to   space 512K, 0% used [0x00000000d5a00000,0x00000000d5a00000,0x00000000d5a80000)
 ParOldGen       total 114176K, used 113890K [0x0000000080000000, 0x0000000086f80000, 0x00000000d5580000)
  object space 114176K, 99% used [0x0000000080000000,0x0000000086f388a8,0x0000000086f80000)
 Metaspace       used 72652K, committed 74304K, reserved 1179648K
  class space    used 7593K, committed 8320K, reserved 1048576K
}
Event: 660.366 GC heap before
{Heap before GC invocations=217 (full 3):
 PSYoungGen      total 4096K, used 4000K [0x00000000d5580000, 0x00000000d5a80000, 0x0000000100000000)
  eden space 3584K, 100% used [0x00000000d5580000,0x00000000d5900000,0x00000000d5900000)
  from space 512K, 81% used [0x00000000d5980000,0x00000000d59e8000,0x00000000d5a00000)
  to   space 512K, 0% used [0x00000000d5a00000,0x00000000d5a00000,0x00000000d5a80000)
 ParOldGen       total 114176K, used 113890K [0x0000000080000000, 0x0000000086f80000, 0x00000000d5580000)
  object space 114176K, 99% used [0x0000000080000000,0x0000000086f388a8,0x0000000086f80000)
 Metaspace       used 73117K, committed 74816K, reserved 1179648K
  class space    used 7642K, committed 8384K, reserved 1048576K
}
Event: 660.367 GC heap after
{Heap after GC invocations=217 (full 3):
 PSYoungGen      total 4096K, used 416K [0x00000000d5580000, 0x00000000d5a80000, 0x0000000100000000)
  eden space 3584K, 0% used [0x00000000d5580000,0x00000000d5580000,0x00000000d5900000)
  from space 512K, 81% used [0x00000000d5a00000,0x00000000d5a68000,0x00000000d5a80000)
  to   space 512K, 0% used [0x00000000d5980000,0x00000000d5980000,0x00000000d5a00000)
 ParOldGen       total 114176K, used 113986K [0x0000000080000000, 0x0000000086f80000, 0x00000000d5580000)
  object space 114176K, 99% used [0x0000000080000000,0x0000000086f508a8,0x0000000086f80000)
 Metaspace       used 73117K, committed 74816K, reserved 1179648K
  class space    used 7642K, committed 8384K, reserved 1048576K
}
Event: 860.004 GC heap before
{Heap before GC invocations=218 (full 3):
 PSYoungGen      total 4096K, used 4000K [0x00000000d5580000, 0x00000000d5a80000, 0x0000000100000000)
  eden space 3584K, 100% used [0x00000000d5580000,0x00000000d5900000,0x00000000d5900000)
  from space 512K, 81% used [0x00000000d5a00000,0x00000000d5a68000,0x00000000d5a80000)
  to   space 512K, 0% used [0x00000000d5980000,0x00000000d5980000,0x00000000d5a00000)
 ParOldGen       total 114176K, used 113986K [0x0000000080000000, 0x0000000086f80000, 0x00000000d5580000)
  object space 114176K, 99% used [0x0000000080000000,0x0000000086f508a8,0x0000000086f80000)
 Metaspace       used 73432K, committed 75200K, reserved 1179648K
  class space    used 7680K, committed 8448K, reserved 1048576K
}
Event: 860.005 GC heap after
{Heap after GC invocations=218 (full 3):
 PSYoungGen      total 4096K, used 448K [0x00000000d5580000, 0x00000000d5a80000, 0x0000000100000000)
  eden space 3584K, 0% used [0x00000000d5580000,0x00000000d5580000,0x00000000d5900000)
  from space 512K, 87% used [0x00000000d5980000,0x00000000d59f0020,0x00000000d5a00000)
  to   space 512K, 0% used [0x00000000d5a00000,0x00000000d5a00000,0x00000000d5a80000)
 ParOldGen       total 114176K, used 114138K [0x0000000080000000, 0x0000000086f80000, 0x00000000d5580000)
  object space 114176K, 99% used [0x0000000080000000,0x0000000086f768b8,0x0000000086f80000)
 Metaspace       used 73432K, committed 75200K, reserved 1179648K
  class space    used 7680K, committed 8448K, reserved 1048576K
}
Event: 862.070 GC heap before
{Heap before GC invocations=219 (full 3):
 PSYoungGen      total 4096K, used 4032K [0x00000000d5580000, 0x00000000d5a80000, 0x0000000100000000)
  eden space 3584K, 100% used [0x00000000d5580000,0x00000000d5900000,0x00000000d5900000)
  from space 512K, 87% used [0x00000000d5980000,0x00000000d59f0020,0x00000000d5a00000)
  to   space 512K, 0% used [0x00000000d5a00000,0x00000000d5a00000,0x00000000d5a80000)
 ParOldGen       total 114176K, used 114138K [0x0000000080000000, 0x0000000086f80000, 0x00000000d5580000)
  object space 114176K, 99% used [0x0000000080000000,0x0000000086f768b8,0x0000000086f80000)
 Metaspace       used 73448K, committed 75200K, reserved 1179648K
  class space    used 7682K, committed 8448K, reserved 1048576K
}
Event: 862.071 GC heap after
{Heap after GC invocations=219 (full 3):
 PSYoungGen      total 4096K, used 490K [0x00000000d5580000, 0x00000000d5b00000, 0x0000000100000000)
  eden space 3584K, 0% used [0x00000000d5580000,0x00000000d5580000,0x00000000d5900000)
  from space 512K, 95% used [0x00000000d5a00000,0x00000000d5a7a910,0x00000000d5a80000)
  to   space 1024K, 0% used [0x00000000d5900000,0x00000000d5900000,0x00000000d5a00000)
 ParOldGen       total 114688K, used 114402K [0x0000000080000000, 0x0000000087000000, 0x00000000d5580000)
  object space 114688K, 99% used [0x0000000080000000,0x0000000086fb88d8,0x0000000087000000)
 Metaspace       used 73448K, committed 75200K, reserved 1179648K
  class space    used 7682K, committed 8448K, reserved 1048576K
}
Event: 862.099 GC heap before
{Heap before GC invocations=220 (full 3):
 PSYoungGen      total 4096K, used 4074K [0x00000000d5580000, 0x00000000d5b00000, 0x0000000100000000)
  eden space 3584K, 100% used [0x00000000d5580000,0x00000000d5900000,0x00000000d5900000)
  from space 512K, 95% used [0x00000000d5a00000,0x00000000d5a7a910,0x00000000d5a80000)
  to   space 1024K, 0% used [0x00000000d5900000,0x00000000d5900000,0x00000000d5a00000)
 ParOldGen       total 114688K, used 114402K [0x0000000080000000, 0x0000000087000000, 0x00000000d5580000)
  object space 114688K, 99% used [0x0000000080000000,0x0000000086fb88d8,0x0000000087000000)
 Metaspace       used 73470K, committed 75200K, reserved 1179648K
  class space    used 7684K, committed 8448K, reserved 1048576K
}
Event: 862.101 GC heap after
{Heap after GC invocations=220 (full 3):
 PSYoungGen      total 4608K, used 603K [0x00000000d5580000, 0x00000000d5b00000, 0x0000000100000000)
  eden space 3584K, 0% used [0x00000000d5580000,0x00000000d5580000,0x00000000d5900000)
  from space 1024K, 58% used [0x00000000d5900000,0x00000000d5996d80,0x00000000d5a00000)
  to   space 1024K, 0% used [0x00000000d5a00000,0x00000000d5a00000,0x00000000d5b00000)
 ParOldGen       total 115200K, used 114870K [0x0000000080000000, 0x0000000087080000, 0x00000000d5580000)
  object space 115200K, 99% used [0x0000000080000000,0x000000008702dae8,0x0000000087080000)
 Metaspace       used 73470K, committed 75200K, reserved 1179648K
  class space    used 7684K, committed 8448K, reserved 1048576K
}
Event: 862.144 GC heap before
{Heap before GC invocations=221 (full 3):
 PSYoungGen      total 4608K, used 4187K [0x00000000d5580000, 0x00000000d5b00000, 0x0000000100000000)
  eden space 3584K, 100% used [0x00000000d5580000,0x00000000d5900000,0x00000000d5900000)
  from space 1024K, 58% used [0x00000000d5900000,0x00000000d5996d80,0x00000000d5a00000)
  to   space 1024K, 0% used [0x00000000d5a00000,0x00000000d5a00000,0x00000000d5b00000)
 ParOldGen       total 115200K, used 114870K [0x0000000080000000, 0x0000000087080000, 0x00000000d5580000)
  object space 115200K, 99% used [0x0000000080000000,0x000000008702dae8,0x0000000087080000)
 Metaspace       used 73488K, committed 75264K, reserved 1179648K
  class space    used 7684K, committed 8448K, reserved 1048576K
}
Event: 862.145 GC heap after
{Heap after GC invocations=221 (full 3):
 PSYoungGen      total 4608K, used 935K [0x00000000d5580000, 0x00000000d5b00000, 0x0000000100000000)
  eden space 3584K, 0% used [0x00000000d5580000,0x00000000d5580000,0x00000000d5900000)
  from space 1024K, 91% used [0x00000000d5a00000,0x00000000d5ae9e68,0x00000000d5b00000)
  to   space 1024K, 0% used [0x00000000d5900000,0x00000000d5900000,0x00000000d5a00000)
 ParOldGen       total 115712K, used 115207K [0x0000000080000000, 0x0000000087100000, 0x00000000d5580000)
  object space 115712K, 99% used [0x0000000080000000,0x0000000087081fe0,0x0000000087100000)
 Metaspace       used 73488K, committed 75264K, reserved 1179648K
  class space    used 7684K, committed 8448K, reserved 1048576K
}
Event: 862.185 GC heap before
{Heap before GC invocations=222 (full 3):
 PSYoungGen      total 4608K, used 4519K [0x00000000d5580000, 0x00000000d5b00000, 0x0000000100000000)
  eden space 3584K, 100% used [0x00000000d5580000,0x00000000d5900000,0x00000000d5900000)
  from space 1024K, 91% used [0x00000000d5a00000,0x00000000d5ae9e68,0x00000000d5b00000)
  to   space 1024K, 0% used [0x00000000d5900000,0x00000000d5900000,0x00000000d5a00000)
 ParOldGen       total 115712K, used 115207K [0x0000000080000000, 0x0000000087100000, 0x00000000d5580000)
  object space 115712K, 99% used [0x0000000080000000,0x0000000087081fe0,0x0000000087100000)
 Metaspace       used 73510K, committed 75264K, reserved 1179648K
  class space    used 7684K, committed 8448K, reserved 1048576K
}
Event: 862.187 GC heap after
{Heap after GC invocations=222 (full 3):
 PSYoungGen      total 4608K, used 596K [0x00000000d5580000, 0x00000000d5b00000, 0x0000000100000000)
  eden space 3584K, 0% used [0x00000000d5580000,0x00000000d5580000,0x00000000d5900000)
  from space 1024K, 58% used [0x00000000d5900000,0x00000000d5995200,0x00000000d5a00000)
  to   space 1024K, 0% used [0x00000000d5a00000,0x00000000d5a00000,0x00000000d5b00000)
 ParOldGen       total 116224K, used 115987K [0x0000000080000000, 0x0000000087180000, 0x00000000d5580000)
  object space 116224K, 99% used [0x0000000080000000,0x0000000087144cf8,0x0000000087180000)
 Metaspace       used 73510K, committed 75264K, reserved 1179648K
  class space    used 7684K, committed 8448K, reserved 1048576K
}
Event: 862.203 GC heap before
{Heap before GC invocations=223 (full 3):
 PSYoungGen      total 4608K, used 4180K [0x00000000d5580000, 0x00000000d5b00000, 0x0000000100000000)
  eden space 3584K, 100% used [0x00000000d5580000,0x00000000d5900000,0x00000000d5900000)
  from space 1024K, 58% used [0x00000000d5900000,0x00000000d5995200,0x00000000d5a00000)
  to   space 1024K, 0% used [0x00000000d5a00000,0x00000000d5a00000,0x00000000d5b00000)
 ParOldGen       total 116224K, used 115987K [0x0000000080000000, 0x0000000087180000, 0x00000000d5580000)
  object space 116224K, 99% used [0x0000000080000000,0x0000000087144cf8,0x0000000087180000)
 Metaspace       used 73515K, committed 75264K, reserved 1179648K
  class space    used 7684K, committed 8448K, reserved 1048576K
}
Event: 862.205 GC heap after
{Heap after GC invocations=223 (full 3):
 PSYoungGen      total 4608K, used 640K [0x00000000d5580000, 0x00000000d5b00000, 0x0000000100000000)
  eden space 3584K, 0% used [0x00000000d5580000,0x00000000d5580000,0x00000000d5900000)
  from space 1024K, 62% used [0x00000000d5a00000,0x00000000d5aa0000,0x00000000d5b00000)
  to   space 1024K, 0% used [0x00000000d5900000,0x00000000d5900000,0x00000000d5a00000)
 ParOldGen       total 116736K, used 116367K [0x0000000080000000, 0x0000000087200000, 0x00000000d5580000)
  object space 116736K, 99% used [0x0000000080000000,0x00000000871a3f08,0x0000000087200000)
 Metaspace       used 73515K, committed 75264K, reserved 1179648K
  class space    used 7684K, committed 8448K, reserved 1048576K
}
Event: 862.234 GC heap before
{Heap before GC invocations=224 (full 3):
 PSYoungGen      total 4608K, used 4224K [0x00000000d5580000, 0x00000000d5b00000, 0x0000000100000000)
  eden space 3584K, 100% used [0x00000000d5580000,0x00000000d5900000,0x00000000d5900000)
  from space 1024K, 62% used [0x00000000d5a00000,0x00000000d5aa0000,0x00000000d5b00000)
  to   space 1024K, 0% used [0x00000000d5900000,0x00000000d5900000,0x00000000d5a00000)
 ParOldGen       total 116736K, used 116367K [0x0000000080000000, 0x0000000087200000, 0x00000000d5580000)
  object space 116736K, 99% used [0x0000000080000000,0x00000000871a3f08,0x0000000087200000)
 Metaspace       used 73537K, committed 75264K, reserved 1179648K
  class space    used 7684K, committed 8448K, reserved 1048576K
}
Event: 862.235 GC heap after
{Heap after GC invocations=224 (full 3):
 PSYoungGen      total 4608K, used 608K [0x00000000d5580000, 0x00000000d5b00000, 0x0000000100000000)
  eden space 3584K, 0% used [0x00000000d5580000,0x00000000d5580000,0x00000000d5900000)
  from space 1024K, 59% used [0x00000000d5900000,0x00000000d5998000,0x00000000d5a00000)
  to   space 1024K, 0% used [0x00000000d5a00000,0x00000000d5a00000,0x00000000d5b00000)
 ParOldGen       total 117248K, used 116855K [0x0000000080000000, 0x0000000087280000, 0x00000000d5580000)
  object space 117248K, 99% used [0x0000000080000000,0x000000008721df18,0x0000000087280000)
 Metaspace       used 73537K, committed 75264K, reserved 1179648K
  class space    used 7684K, committed 8448K, reserved 1048576K
}

